<?xml version="1.0" encoding="UTF-8"?>
<testng-results ignored="0" total="1" passed="1" failed="0" skipped="0">
  <reporter-output>
  </reporter-output>
  <suite started-at="2023-01-31T12:17:01 IST" name="Default suite" finished-at="2023-01-31T12:17:18 IST" duration-ms="17618">
    <groups>
    </groups>
    <test started-at="2023-01-31T12:17:01 IST" name="Default test" finished-at="2023-01-31T12:17:18 IST" duration-ms="17618">
      <class name="testscripts.FirstTest">
        <test-method is-config="true" signature="classSetup()[pri:0, instance:testscripts.FirstTest@7bab3f1a]" started-at="2023-01-31T12:17:01 IST" name="classSetup" finished-at="2023-01-31T12:17:07 IST" duration-ms="6293" status="PASS">
          <reporter-output>
          </reporter-output>
        </test-method> <!-- classSetup -->
        <test-method is-config="true" signature="methodSetup()[pri:0, instance:testscripts.FirstTest@7bab3f1a]" started-at="2023-01-31T12:17:07 IST" name="methodSetup" finished-at="2023-01-31T12:17:09 IST" duration-ms="1324" status="PASS">
          <reporter-output>
          </reporter-output>
        </test-method> <!-- methodSetup -->
        <test-method signature="firstTest()[pri:0, instance:testscripts.FirstTest@7bab3f1a]" started-at="2023-01-31T12:17:09 IST" name="firstTest" finished-at="2023-01-31T12:17:18 IST" duration-ms="9576" status="PASS">
          <reporter-output>
          </reporter-output>
        </test-method> <!-- firstTest -->
        <test-method is-config="true" signature="methodTearDown()[pri:0, instance:testscripts.FirstTest@7bab3f1a]" started-at="2023-01-31T12:17:18 IST" name="methodTearDown" finished-at="2023-01-31T12:17:18 IST" duration-ms="1" status="PASS">
          <reporter-output>
          </reporter-output>
        </test-method> <!-- methodTearDown -->
        <test-method is-config="true" signature="classTearDown()[pri:0, instance:testscripts.FirstTest@7bab3f1a]" started-at="2023-01-31T12:17:18 IST" name="classTearDown" finished-at="2023-01-31T12:17:18 IST" duration-ms="357" status="PASS">
          <reporter-output>
          </reporter-output>
        </test-method> <!-- classTearDown -->
      </class> <!-- testscripts.FirstTest -->
    </test> <!-- Default test -->
  </suite> <!-- Default suite -->
</testng-results>
